08-10-2020 20:20:12.130 INFO  TestCases.TestRecipesPage - beforeClass - Application launched successfully
08-10-2020 20:20:12.219 INFO  TestCases.TestRecipesPage - test_shouldDisplayText_whenUserInLandingPage - Test Passed
08-10-2020 20:20:14.986 INFO  TestCases.TestRecipesPage - afterClass - Browser terminated
08-10-2020 20:20:14.987 INFO  TestCases.TestRecipesPage - afterClass - ----------------------------------------------
08-10-2020 20:20:20.110 INFO  TestCases.TestRecipesPage - beforeClass - Application launched successfully
08-10-2020 20:20:20.590 INFO  TestCases.TestRecipesPage - test_shouldDisplayRecipesList_whenUserInLandingPage - Test Passed
08-10-2020 20:20:23.222 INFO  TestCases.TestRecipesPage - afterClass - Browser terminated
08-10-2020 20:20:23.223 INFO  TestCases.TestRecipesPage - afterClass - ----------------------------------------------
08-10-2020 20:20:28.357 INFO  TestCases.TestRecipesPage - beforeClass - Application launched successfully
08-10-2020 20:20:28.424 INFO  main.utilities.WebEventListener - beforeClickOn - Trying to click on: [[FirefoxDriver: firefox on MAC (41ca0013-396f-494e-b053-0d2937e21cf1)] -> xpath: //button[contains(.,'New Recipe')]]
08-10-2020 20:20:28.960 INFO  main.utilities.WebEventListener - beforeClickOn - Trying to click on: [[FirefoxDriver: firefox on MAC (41ca0013-396f-494e-b053-0d2937e21cf1)] -> xpath: //button[contains(text(), 'Save')]]
08-10-2020 20:20:34.746 ERROR main.utilities.WebEventListener - onException - Error occured: org.openqa.selenium.NoSuchElementException: Unable to locate element: //h4[contains(text(), 'momo')]
For documentation on this error, please visit: http://seleniumhq.org/exceptions/no_such_element.html
Build info: version: '3.9.1', revision: '63f7b50', time: '2018-02-07T22:42:28.403Z'
System info: host: 'ROSYs-MacBook-Air.local', ip: 'fe80:0:0:0:4ad7:5ff:fed7:3903%en0', os.name: 'Mac OS X', os.arch: 'x86_64', os.version: '10.10.5', java.version: '1.8.0_252'
Driver info: org.openqa.selenium.firefox.FirefoxDriver
Capabilities {acceptInsecureCerts: true, browserName: firefox, browserVersion: 78.1.0, javascriptEnabled: true, moz:accessibilityChecks: false, moz:buildID: 20200722151235, moz:geckodriverVersion: 0.26.0, moz:headless: false, moz:processID: 50579, moz:profile: /var/folders/7b/xy2d8s41353..., moz:shutdownTimeout: 60000, moz:useNonSpecCompliantPointerOrigin: false, moz:webdriverClick: true, pageLoadStrategy: normal, platform: MAC, platformName: MAC, platformVersion: 14.5.0, rotatable: false, setWindowRect: true, strictFileInteractability: false, timeouts: {implicit: 0, pageLoad: 300000, script: 30000}, unhandledPromptBehavior: dismiss and notify}
Session ID: 41ca0013-396f-494e-b053-0d2937e21cf1
*** Element info: {Using=xpath, value=//h4[contains(text(), 'momo')]}
08-10-2020 20:20:34.748 ERROR main.utilities.TestNGListener - onTestFailure - Test failed --> [TestResult name=test_shouldAddNewRecipe_whenCorrectValuesEntered status=FAILURE method=TestRecipesPage.test_shouldAddNewRecipe_whenCorrectValuesEntered()[pri:3, instance:TestCases.TestRecipesPage@2925bf5b] output={null}]
08-10-2020 20:20:38.513 INFO  TestCases.TestRecipesPage - afterClass - Browser terminated
08-10-2020 20:20:38.514 INFO  TestCases.TestRecipesPage - afterClass - ----------------------------------------------
08-10-2020 20:40:26.087 INFO  TestCases.TestShoppingListPage - beforeClass - Application launched successfully
08-10-2020 20:40:26.175 INFO  main.utilities.WebEventListener - beforeClickOn - Trying to click on: [[FirefoxDriver: firefox on MAC (c5961460-c6e6-8245-a276-61c53b99ebbc)] -> xpath: //a[contains(text(), 'Shopping List')]]
08-10-2020 20:40:26.594 INFO  main.utilities.WebEventListener - beforeClickOn - Trying to click on: [[FirefoxDriver: firefox on MAC (c5961460-c6e6-8245-a276-61c53b99ebbc)] -> xpath: //button[contains(text(),'Add')]]
08-10-2020 20:40:26.873 ERROR main.utilities.TestNGListener - onTestFailure - Test failed --> [TestResult name=test_shouldAddNewIngredient_whenValidNameAndAmountEntered status=FAILURE method=TestShoppingListPage.test_shouldAddNewIngredient_whenValidNameAndAmountEntered()[pri:1, instance:TestCases.TestShoppingListPage@2925bf5b] output={null}]
08-10-2020 20:40:30.626 INFO  TestCases.TestShoppingListPage - tearDown - Browser terminated
08-10-2020 20:40:30.626 INFO  TestCases.TestShoppingListPage - tearDown - ----------------------------------------------
08-10-2020 20:40:35.491 INFO  TestCases.TestShoppingListPage - beforeClass - Application launched successfully
08-10-2020 20:40:35.513 INFO  main.utilities.WebEventListener - beforeClickOn - Trying to click on: [[FirefoxDriver: firefox on MAC (92591a2e-5928-f349-aca8-15ca4a1c8559)] -> xpath: //a[contains(text(), 'Shopping List')]]
08-10-2020 20:40:35.919 INFO  TestCases.TestShoppingListPage - test_shouldDisableAddButton_WhenOnlyNameIsEngered - Test passed
08-10-2020 20:40:39.584 INFO  TestCases.TestShoppingListPage - tearDown - Browser terminated
08-10-2020 20:40:39.585 INFO  TestCases.TestShoppingListPage - tearDown - ----------------------------------------------
08-10-2020 20:40:44.570 INFO  TestCases.TestShoppingListPage - beforeClass - Application launched successfully
08-10-2020 20:40:44.589 INFO  main.utilities.WebEventListener - beforeClickOn - Trying to click on: [[FirefoxDriver: firefox on MAC (46e5018d-2461-4f45-8ebc-322c45d2cad2)] -> xpath: //a[contains(text(), 'Shopping List')]]
08-10-2020 20:40:45.013 INFO  TestCases.TestShoppingListPage - test_shouldDisableAddButton_WhenAmountIsNotNumber - Test passed
08-10-2020 20:40:49.713 INFO  TestCases.TestShoppingListPage - tearDown - Browser terminated
08-10-2020 20:40:49.713 INFO  TestCases.TestShoppingListPage - tearDown - ----------------------------------------------
