08-10-2020 19:23:51.356 INFO  main.utilities.WebEventListener - beforeNavigateTo - Trying to navigate to: https://recipe-book-7a044.web.app/recipes
08-10-2020 19:23:52.755 INFO  TestCases.TestShoppingListPage - beforeClass - Application launched successfully
08-10-2020 19:23:57.875 ERROR main.utilities.WebEventListener - onException - Error occured: org.openqa.selenium.NoSuchElementException: Unable to locate element: #name
For documentation on this error, please visit: http://seleniumhq.org/exceptions/no_such_element.html
Build info: version: '3.9.1', revision: '63f7b50', time: '2018-02-07T22:42:28.403Z'
System info: host: 'ROSYs-MacBook-Air.local', ip: 'fe80:0:0:0:4ad7:5ff:fed7:3903%en0', os.name: 'Mac OS X', os.arch: 'x86_64', os.version: '10.10.5', java.version: '1.8.0_252'
Driver info: org.openqa.selenium.firefox.FirefoxDriver
Capabilities {acceptInsecureCerts: true, browserName: firefox, browserVersion: 78.1.0, javascriptEnabled: true, moz:accessibilityChecks: false, moz:buildID: 20200722151235, moz:geckodriverVersion: 0.26.0, moz:headless: false, moz:processID: 49983, moz:profile: /var/folders/7b/xy2d8s41353..., moz:shutdownTimeout: 60000, moz:useNonSpecCompliantPointerOrigin: false, moz:webdriverClick: true, pageLoadStrategy: normal, platform: MAC, platformName: MAC, platformVersion: 14.5.0, rotatable: false, setWindowRect: true, strictFileInteractability: false, timeouts: {implicit: 0, pageLoad: 300000, script: 30000}, unhandledPromptBehavior: dismiss and notify}
Session ID: 29e52af3-f2d1-cd46-bd13-057f7c2a3e56
*** Element info: {Using=id, value=name}
08-10-2020 19:24:01.403 INFO  TestCases.TestShoppingListPage - tearDown - Browser terminated
08-10-2020 19:24:01.414 INFO  TestCases.TestShoppingListPage - tearDown - ----------------------------------------------
08-10-2020 19:52:54.527 INFO  TestCases.TestShoppingListPage - beforeClass - Application launched successfully
08-10-2020 19:52:54.658 INFO  main.utilities.WebEventListener - beforeClickOn - Trying to click on: [[FirefoxDriver: firefox on MAC (ec88d43e-46c6-7548-86a8-ee02720a0791)] -> xpath: //a[contains(text(), 'Shopping List')]]
08-10-2020 19:52:55.102 INFO  main.utilities.WebEventListener - beforeClickOn - Trying to click on: [[FirefoxDriver: firefox on MAC (ec88d43e-46c6-7548-86a8-ee02720a0791)] -> xpath: //button[contains(text(),'Add')]]
08-10-2020 19:52:59.018 INFO  TestCases.TestShoppingListPage - tearDown - Browser terminated
08-10-2020 19:52:59.019 INFO  TestCases.TestShoppingListPage - tearDown - ----------------------------------------------
08-10-2020 20:06:06.222 INFO  TestCases.TestShoppingListPage - beforeClass - Application launched successfully
08-10-2020 20:06:06.356 INFO  main.utilities.WebEventListener - beforeClickOn - Trying to click on: [[FirefoxDriver: firefox on MAC (f4ed22fc-f8bf-7c45-b681-0e71b220a451)] -> xpath: //a[contains(text(), 'Shopping List')]]
08-10-2020 20:06:06.919 INFO  main.utilities.WebEventListener - beforeClickOn - Trying to click on: [[FirefoxDriver: firefox on MAC (f4ed22fc-f8bf-7c45-b681-0e71b220a451)] -> xpath: //button[contains(text(),'Add')]]
08-10-2020 20:06:07.206 ERROR main.utilities.TestNGListener - onTestFailure - Test failed --> [TestResult name=test_shouldAddNewIngredient_whenValidNameAndAmountEntered status=FAILURE method=TestShoppingListPage.test_shouldAddNewIngredient_whenValidNameAndAmountEntered()[pri:1, instance:TestCases.TestShoppingListPage@2925bf5b] output={null}]
08-10-2020 20:06:11.016 INFO  TestCases.TestShoppingListPage - tearDown - Browser terminated
08-10-2020 20:06:11.018 INFO  TestCases.TestShoppingListPage - tearDown - ----------------------------------------------
