<?xml version="1.0" encoding="UTF-8"?>
<testng-results skipped="0" failed="1" ignored="0" total="3" passed="2">
  <reporter-output>
  </reporter-output>
  <suite name="Default suite" duration-ms="15848" started-at="2020-08-11T04:12:42Z" finished-at="2020-08-11T04:12:58Z">
    <groups>
    </groups>
    <test name="Default test" duration-ms="15848" started-at="2020-08-11T04:12:42Z" finished-at="2020-08-11T04:12:58Z">
      <class name="TestCases.TestShoppingListPage">
        <test-method status="PASS" signature="beforeClass()[pri:0, instance:TestCases.TestShoppingListPage@1ff4931d]" name="beforeClass" is-config="true" duration-ms="6738" started-at="2020-08-10T21:12:42Z" finished-at="2020-08-10T21:12:49Z">
          <reporter-output>
          </reporter-output>
        </test-method> <!-- beforeClass -->
        <test-method status="FAIL" signature="test_shouldAddNewIngredient_whenValidNameAndAmountEntered()[pri:1, instance:TestCases.TestShoppingListPage@1ff4931d]" name="test_shouldAddNewIngredient_whenValidNameAndAmountEntered" duration-ms="520" started-at="2020-08-10T21:12:49Z" finished-at="2020-08-10T21:12:50Z">
          <exception class="java.lang.AssertionError">
            <message>
              <![CDATA[expected [masala1] but found [masala]]]>
            </message>
            <full-stacktrace>
              <![CDATA[java.lang.AssertionError: expected [masala1] but found [masala]
	at org.testng.Assert.fail(Assert.java:93)
	at org.testng.Assert.failNotEquals(Assert.java:512)
	at org.testng.Assert.assertEqualsImpl(Assert.java:134)
	at org.testng.Assert.assertEquals(Assert.java:115)
	at org.testng.Assert.assertEquals(Assert.java:189)
	at org.testng.Assert.assertEquals(Assert.java:199)
	at TestCases.TestShoppingListPage.test_shouldAddNewIngredient_whenValidNameAndAmountEntered(TestShoppingListPage.java:46)
	at sun.reflect.NativeMethodAccessorImpl.invoke0(Native Method)
	at sun.reflect.NativeMethodAccessorImpl.invoke(NativeMethodAccessorImpl.java:62)
	at sun.reflect.DelegatingMethodAccessorImpl.invoke(DelegatingMethodAccessorImpl.java:43)
	at java.lang.reflect.Method.invoke(Method.java:498)
	at org.testng.internal.MethodInvocationHelper.invokeMethod(MethodInvocationHelper.java:108)
	at org.testng.internal.Invoker.invokeMethod(Invoker.java:661)
	at org.testng.internal.Invoker.invokeTestMethod(Invoker.java:869)
	at org.testng.internal.Invoker.invokeTestMethods(Invoker.java:1193)
	at org.testng.internal.TestMethodWorker.invokeTestMethods(TestMethodWorker.java:126)
	at org.testng.internal.TestMethodWorker.run(TestMethodWorker.java:109)
	at org.testng.TestRunner.privateRun(TestRunner.java:744)
	at org.testng.TestRunner.run(TestRunner.java:602)
	at org.testng.SuiteRunner.runTest(SuiteRunner.java:380)
	at org.testng.SuiteRunner.runSequentially(SuiteRunner.java:375)
	at org.testng.SuiteRunner.privateRun(SuiteRunner.java:340)
	at org.testng.SuiteRunner.run(SuiteRunner.java:289)
	at org.testng.SuiteRunnerWorker.runSuite(SuiteRunnerWorker.java:52)
	at org.testng.SuiteRunnerWorker.run(SuiteRunnerWorker.java:86)
	at org.testng.TestNG.runSuitesSequentially(TestNG.java:1301)
	at org.testng.TestNG.runSuitesLocally(TestNG.java:1226)
	at org.testng.TestNG.runSuites(TestNG.java:1144)
	at org.testng.TestNG.run(TestNG.java:1115)
	at org.testng.remote.AbstractRemoteTestNG.run(AbstractRemoteTestNG.java:132)
	at org.testng.remote.RemoteTestNG.initAndRun(RemoteTestNG.java:230)
	at org.testng.remote.RemoteTestNG.main(RemoteTestNG.java:76)
]]>
            </full-stacktrace>
          </exception> <!-- java.lang.AssertionError -->
          <reporter-output>
          </reporter-output>
        </test-method> <!-- test_shouldAddNewIngredient_whenValidNameAndAmountEntered -->
        <test-method status="PASS" signature="tearDown()[pri:0, instance:TestCases.TestShoppingListPage@1ff4931d]" name="tearDown" is-config="true" duration-ms="299" started-at="2020-08-10T21:12:50Z" finished-at="2020-08-10T21:12:50Z">
          <reporter-output>
          </reporter-output>
        </test-method> <!-- tearDown -->
        <test-method status="PASS" signature="beforeClass()[pri:0, instance:TestCases.TestShoppingListPage@1ff4931d]" name="beforeClass" is-config="true" duration-ms="3479" started-at="2020-08-10T21:12:50Z" finished-at="2020-08-10T21:12:53Z">
          <reporter-output>
          </reporter-output>
        </test-method> <!-- beforeClass -->
        <test-method status="PASS" signature="test_shouldDisableAddButton_WhenOnlyNameIsEngered()[pri:2, instance:TestCases.TestShoppingListPage@1ff4931d]" name="test_shouldDisableAddButton_WhenOnlyNameIsEngered" duration-ms="336" started-at="2020-08-10T21:12:53Z" finished-at="2020-08-10T21:12:54Z">
          <reporter-output>
          </reporter-output>
        </test-method> <!-- test_shouldDisableAddButton_WhenOnlyNameIsEngered -->
        <test-method status="PASS" signature="tearDown()[pri:0, instance:TestCases.TestShoppingListPage@1ff4931d]" name="tearDown" is-config="true" duration-ms="193" started-at="2020-08-10T21:12:54Z" finished-at="2020-08-10T21:12:54Z">
          <reporter-output>
          </reporter-output>
        </test-method> <!-- tearDown -->
        <test-method status="PASS" signature="beforeClass()[pri:0, instance:TestCases.TestShoppingListPage@1ff4931d]" name="beforeClass" is-config="true" duration-ms="3598" started-at="2020-08-10T21:12:54Z" finished-at="2020-08-10T21:12:58Z">
          <reporter-output>
          </reporter-output>
        </test-method> <!-- beforeClass -->
        <test-method status="PASS" signature="test_shouldDisableAddButton_WhenAmountIsNotNumber()[pri:3, instance:TestCases.TestShoppingListPage@1ff4931d]" name="test_shouldDisableAddButton_WhenAmountIsNotNumber" duration-ms="400" started-at="2020-08-10T21:12:58Z" finished-at="2020-08-10T21:12:58Z">
          <reporter-output>
          </reporter-output>
        </test-method> <!-- test_shouldDisableAddButton_WhenAmountIsNotNumber -->
        <test-method status="PASS" signature="tearDown()[pri:0, instance:TestCases.TestShoppingListPage@1ff4931d]" name="tearDown" is-config="true" duration-ms="251" started-at="2020-08-10T21:12:58Z" finished-at="2020-08-10T21:12:58Z">
          <reporter-output>
          </reporter-output>
        </test-method> <!-- tearDown -->
      </class> <!-- TestCases.TestShoppingListPage -->
    </test> <!-- Default test -->
  </suite> <!-- Default suite -->
</testng-results>
